{
  "RSpec": {
    "coverage": {
      "/home/ervinismu/Work/Ruby/rails-workshop/spec/controllers/product_controller_spec.rb": [
        1,
        null,
        1,
        null,
        1,
        1,
        1,
        null,
        null,
        1,
        1,
        null,
        null,
        null,
        null
      ],
      "/home/ervinismu/Work/Ruby/rails-workshop/spec/rails_helper.rb": [
        null,
        1,
        1,
        1,
        null,
        1,
        1,
        1,
        1,
        1,
        1,
        1,
        null,
        1,
        null,
        null,
        null,
        null,
        null,
        null,
        null,
        null,
        null,
        null,
        null,
        null,
        null,
        null,
        null,
        null,
        null,
        null,
        null,
        1,
        1,
        null,
        0,
        0,
        null,
        1,
        null,
        1,
        null,
        null,
        null,
        null,
        1,
        null,
        null,
        null,
        null,
        null,
        null,
        null,
        null,
        null,
        null,
        null,
        null,
        null,
        null,
        1,
        null,
        null,
        1,
        null,
        null,
        null
      ],
      "/home/ervinismu/Work/Ruby/rails-workshop/config/environment.rb": [
        null,
        1,
        null,
        null,
        1
      ],
      "/home/ervinismu/Work/Ruby/rails-workshop/config/application.rb": [
        1,
        null,
        1,
        null,
        null,
        null,
        1,
        null,
        1,
        1,
        null,
        1,
        null,
        null,
        null,
        null,
        null,
        null
      ],
      "/home/ervinismu/Work/Ruby/rails-workshop/config/boot.rb": [
        1,
        null,
        1
      ],
      "/home/ervinismu/Work/Ruby/rails-workshop/config/environments/test.rb": [
        1,
        null,
        null,
        null,
        null,
        null,
        null,
        1,
        null,
        null,
        null,
        null,
        1,
        null,
        null,
        1,
        1,
        null,
        null,
        null,
        null,
        1,
        1,
        null,
        null,
        1,
        null,
        null,
        1,
        1,
        null,
        null,
        null,
        null,
        1,
        null,
        null,
        1,
        null,
        null,
        null,
        null
      ],
      "/home/ervinismu/Work/Ruby/rails-workshop/config/initializers/application_controller_renderer.rb": [
        null,
        null,
        null,
        null,
        null,
        null,
        null,
        null
      ],
      "/home/ervinismu/Work/Ruby/rails-workshop/config/initializers/assets.rb": [
        null,
        null,
        null,
        1,
        null,
        null,
        null,
        null,
        1,
        null,
        null,
        null,
        null,
        null
      ],
      "/home/ervinismu/Work/Ruby/rails-workshop/config/initializers/backtrace_silencers.rb": [
        null,
        null,
        null,
        null,
        null,
        null,
        null
      ],
      "/home/ervinismu/Work/Ruby/rails-workshop/config/initializers/cookies_serializer.rb": [
        null,
        null,
        null,
        null,
        1
      ],
      "/home/ervinismu/Work/Ruby/rails-workshop/config/initializers/filter_parameter_logging.rb": [
        null,
        null,
        null,
        1
      ],
      "/home/ervinismu/Work/Ruby/rails-workshop/config/initializers/inflections.rb": [
        null,
        null,
        null,
        null,
        null,
        null,
        null,
        null,
        null,
        null,
        null,
        null,
        null,
        null,
        null,
        null
      ],
      "/home/ervinismu/Work/Ruby/rails-workshop/config/initializers/mime_types.rb": [
        null,
        null,
        null,
        null
      ],
      "/home/ervinismu/Work/Ruby/rails-workshop/config/initializers/wrap_parameters.rb": [
        null,
        null,
        null,
        null,
        null,
        null,
        1,
        2,
        null,
        null,
        null,
        null,
        null,
        null
      ],
      "/home/ervinismu/Work/Ruby/rails-workshop/config/routes.rb": [
        1,
        null,
        1,
        1,
        1,
        1,
        null,
        null
      ],
      "/home/ervinismu/Work/Ruby/rails-workshop/app/helpers/application_helper.rb": [
        1,
        null
      ],
      "/home/ervinismu/Work/Ruby/rails-workshop/app/helpers/product_helper.rb": [
        1,
        null
      ],
      "/home/ervinismu/Work/Ruby/rails-workshop/app/controllers/product_controller.rb": [
        null,
        1,
        1,
        1,
        null,
        1,
        2,
        2,
        0,
        null,
        2,
        null,
        null,
        null,
        null,
        null,
        1,
        1,
        1,
        0,
        null,
        1,
        null,
        null,
        null,
        null,
        null,
        1,
        1,
        0,
        0,
        null,
        null,
        null,
        1,
        null,
        null,
        null,
        null,
        null,
        1,
        1,
        1,
        1,
        null,
        null,
        null,
        0,
        null,
        null,
        null,
        null,
        null,
        1,
        null,
        1,
        1,
        null,
        null,
        1,
        1,
        null,
        null
      ],
      "/home/ervinismu/Work/Ruby/rails-workshop/app/controllers/application_controller.rb": [
        1,
        1,
        null
      ],
      "/home/ervinismu/Work/Ruby/rails-workshop/spec/models/product_spec.rb": [
        1
      ],
      "/home/ervinismu/Work/Ruby/rails-workshop/spec/requests/products_spec.rb": [
        1,
        null,
        1,
        null,
        1,
        2,
        null,
        1,
        1,
        null,
        null,
        null,
        null,
        1,
        2,
        null,
        1,
        1,
        null,
        null,
        null,
        1,
        1,
        1,
        null,
        null,
        null,
        null,
        null,
        null,
        2,
        1,
        1,
        null,
        null,
        null,
        1,
        2,
        2,
        1,
        1,
        null,
        null,
        null,
        null
      ],
      "/home/ervinismu/Work/Ruby/rails-workshop/spec/routing/product_routing_spec.rb": [
        1,
        null,
        1,
        1,
        1,
        1,
        null,
        null,
        null,
        1,
        1,
        1,
        null,
        null,
        null,
        1,
        1,
        1,
        null,
        null,
        null,
        1,
        1,
        1,
        null,
        null,
        null
      ],
      "/home/ervinismu/Work/Ruby/rails-workshop/app/models/product.rb": [
        1,
        1,
        null
      ],
      "/home/ervinismu/Work/Ruby/rails-workshop/app/models/application_record.rb": [
        1,
        1,
        null
      ]
    },
    "timestamp": 1542211533
  }
}
